<?xml version="1.0" encoding="UTF-8"?>
<testsuite name="Model.CandidatoModelTest" tests="1" skipped="0" failures="0" errors="0" timestamp="2023-10-30T19:50:07" hostname="NMTZG00592" time="0.22">
  <properties/>
  <testcase name="testAdicionarCandidato()" classname="Model.CandidatoModelTest" time="0.22"/>
  <system-out><![CDATA[]]></system-out>
  <system-err><![CDATA[]]></system-err>
</testsuite>
