<?xml version="1.0" encoding="UTF-8"?>
<testsuite name="Model.EmpresaTest" tests="1" skipped="0" failures="0" errors="0" timestamp="2023-11-12T22:33:16" hostname="brunnagual-b360" time="0.014">
  <properties/>
  <testcase name="testAdicionarEmpresa()" classname="Model.EmpresaTest" time="0.014"/>
  <system-out><![CDATA[]]></system-out>
  <system-err><![CDATA[]]></system-err>
</testsuite>
