<?xml version="1.0" encoding="UTF-8"?>
<testsuite name="Model.CompetenciaTest" tests="1" skipped="0" failures="0" errors="0" timestamp="2023-11-11T02:44:53" hostname="brunnagual-b360" time="0.006">
  <properties/>
  <testcase name="testAdicionarEmpresa()" classname="Model.CompetenciaTest" time="0.006"/>
  <system-out><![CDATA[]]></system-out>
  <system-err><![CDATA[]]></system-err>
</testsuite>
