<?xml version="1.0" encoding="UTF-8"?>
<testsuite name="Model.EmpresaTest" tests="1" skipped="0" failures="0" errors="0" timestamp="2023-10-31T02:39:00" hostname="NMTZG00592" time="0.028">
  <properties/>
  <testcase name="testAdicionarEmpresa()" classname="Model.EmpresaTest" time="0.028"/>
  <system-out><![CDATA[]]></system-out>
  <system-err><![CDATA[]]></system-err>
</testsuite>
