<?xml version="1.0" encoding="UTF-8"?>
<testsuite name="Model.CandidatoModelTest" tests="1" skipped="0" failures="0" errors="0" timestamp="2023-11-11T02:44:53" hostname="brunnagual-b360" time="0.017">
  <properties/>
  <testcase name="testAdicionarCandidato()" classname="Model.CandidatoModelTest" time="0.017"/>
  <system-out><![CDATA[]]></system-out>
  <system-err><![CDATA[]]></system-err>
</testsuite>
