<?xml version="1.0" encoding="UTF-8"?>
<testsuite name="Model.CompetenciaTes" tests="1" skipped="0" failures="0" errors="0" timestamp="2023-10-31T02:39:00" hostname="NMTZG00592" time="0.185">
  <properties/>
  <testcase name="testAdicionarEmpresa()" classname="Model.CompetenciaTes" time="0.185"/>
  <system-out><![CDATA[]]></system-out>
  <system-err><![CDATA[]]></system-err>
</testsuite>
