<?xml version="1.0" encoding="UTF-8"?>
<testsuite name="Model.CandidatoModelTest" tests="1" skipped="0" failures="0" errors="0" timestamp="2023-10-28T03:06:15" hostname="NMTZG00592" time="0.228">
  <properties/>
  <testcase name="testAdicionarCandidato()" classname="Model.CandidatoModelTest" time="0.228"/>
  <system-out><![CDATA[]]></system-out>
  <system-err><![CDATA[]]></system-err>
</testsuite>
