<?xml version="1.0" encoding="UTF-8"?>
<testsuite name="Model.CandidatoTest" tests="1" skipped="0" failures="0" errors="0" timestamp="2023-10-23T20:15:37" hostname="brunnagual-b360" time="0.096">
  <properties/>
  <testcase name="testAdicionarCandidato()" classname="Model.CandidatoTest" time="0.096"/>
  <system-out><![CDATA[]]></system-out>
  <system-err><![CDATA[]]></system-err>
</testsuite>
